2025-09-19 13:50:19,215 - ERROR - Nick name teste125wes já solicitado
2025-09-19 13:50:28,277 - INFO - Nick name teste125wes3 criado com sucesso
2025-09-19 13:50:28,278 - INFO - Tempo para processar a requisição: 0.0828413
2025-09-19 13:51:22,008 - INFO - Nick name teste125wes33 criado com sucesso
2025-09-19 13:51:22,008 - INFO - Tempo para processar a requisição: 0.10970239999999998
2025-09-19 13:56:31,201 - INFO - Requisição do tipo POST recebida para criação do nick name teste125wes33
2025-09-19 13:56:31,261 - ERROR - Nick name teste125wes33 já solicitado
2025-09-19 13:56:35,863 - INFO - Requisição do tipo POST recebida para criação do nick name teste125wes334
2025-09-19 13:56:35,965 - INFO - Nick name teste125wes334 criado com sucesso
2025-09-19 13:57:34,245 - INFO - Requisição do tipo POST recebida para criação do nick name teste125wes334
2025-09-19 13:57:34,298 - ERROR - Nick name teste125wes334 já solicitado
2025-09-19 13:57:38,439 - INFO - Requisição do tipo POST recebida para criação do nick name teste125wes331
2025-09-19 13:57:38,551 - INFO - Nick name teste125wes331 criado com sucesso
2025-09-19 13:57:38,551 - INFO - Tempo para processar a requisição: 111.48
2025-09-19 13:58:28,902 - INFO - Requisição do tipo POST recebida para criação do nick name teste125wes3314
2025-09-19 13:58:29,012 - INFO - Nick name teste125wes3314 criado com sucesso
2025-09-19 13:58:29,013 - INFO - Latência: 110.47ms
2025-09-19 13:58:43,022 - INFO - Requisição do tipo POST recebida para criação do nick name teste125wes3314
2025-09-19 13:58:43,069 - ERROR - Nick name teste125wes3314 já solicitado
2025-09-19 13:58:54,619 - INFO - Requisição do tipo POST recebida para criação do nick name teste125wes3314
2025-09-19 13:58:56,620 - ERROR - Falha ao verificar se nick name teste125wes3314 existe
2025-09-19 13:58:58,623 - ERROR - Na tentativa 0 o seguinte erro ocorreu 2013 (HY000): Lost connection to MySQL server at 'waiting for initial communication packet', system error: 110
2025-09-19 13:59:01,473 - ERROR - Falha ao verificar se nick name teste125wes3314 existe
2025-09-19 13:59:03,981 - ERROR - Na tentativa 1 o seguinte erro ocorreu 2013 (HY000): Lost connection to MySQL server at 'waiting for initial communication packet', system error: 110
2025-09-19 13:59:07,097 - ERROR - Falha ao verificar se nick name teste125wes3314 existe
2025-09-19 13:59:09,100 - ERROR - Na tentativa 2 o seguinte erro ocorreu 2013 (HY000): Lost connection to MySQL server at 'waiting for initial communication packet', system error: 110
2025-09-19 13:59:12,412 - ERROR - Falha ao verificar se nick name teste125wes3314 existe
2025-09-19 13:59:14,415 - ERROR - Na tentativa 3 o seguinte erro ocorreu 2013 (HY000): Lost connection to MySQL server at 'waiting for initial communication packet', system error: 110
2025-09-19 13:59:18,416 - ERROR - Falha ao verificar se nick name teste125wes3314 existe
2025-09-19 13:59:20,418 - ERROR - Na tentativa 4 o seguinte erro ocorreu 2013 (HY000): Lost connection to MySQL server at 'waiting for initial communication packet', system error: 110
2025-09-19 13:59:22,967 - ERROR - Falha ao tentar salvar nick name após 5 tentativas
2025-09-19 14:00:07,189 - INFO - Requisição do tipo POST recebida para criação do nick name teste125wes3314
2025-09-19 14:00:09,192 - ERROR - Falha ao verificar se nick name teste125wes3314 existe
2025-09-19 14:00:11,195 - ERROR - Na tentativa 0 o seguinte erro ocorreu 2013 (HY000): Lost connection to MySQL server at 'waiting for initial communication packet', system error: 110
2025-09-19 14:00:13,683 - ERROR - Falha ao verificar se nick name teste125wes3314 existe
2025-09-19 14:00:15,684 - ERROR - Na tentativa 1 o seguinte erro ocorreu 2013 (HY000): Lost connection to MySQL server at 'waiting for initial communication packet', system error: 110
2025-09-19 14:00:18,647 - ERROR - Falha ao verificar se nick name teste125wes3314 existe
2025-09-19 14:00:20,650 - ERROR - Na tentativa 2 o seguinte erro ocorreu 2013 (HY000): Lost connection to MySQL server at 'waiting for initial communication packet', system error: 110
2025-09-19 14:00:24,065 - ERROR - Falha ao verificar se nick name teste125wes3314 existe
2025-09-19 14:00:26,067 - ERROR - Na tentativa 3 o seguinte erro ocorreu 2013 (HY000): Lost connection to MySQL server at 'waiting for initial communication packet', system error: 110
2025-09-19 14:00:30,464 - ERROR - Falha ao verificar se nick name teste125wes3314 existe
2025-09-19 14:00:32,465 - ERROR - Na tentativa 4 o seguinte erro ocorreu 2013 (HY000): Lost connection to MySQL server at 'waiting for initial communication packet', system error: 110
2025-09-19 14:00:36,044 - ERROR - Falha ao tentar salvar nick name após 5 tentativas
2025-09-19 14:00:51,600 - INFO - Requisição do tipo POST recebida para criação do nick name teste125wes3314
2025-09-19 14:00:51,656 - ERROR - Nick name teste125wes3314 já solicitado
2025-09-19 14:00:57,877 - INFO - Requisição do tipo POST recebida para criação do nick name teste125wes33147
2025-09-19 14:00:57,984 - INFO - Nick name teste125wes33147 criado com sucesso
2025-09-19 14:00:57,984 - INFO - Latência: 107.04ms
2025-09-19 14:01:21,563 - INFO - Requisição do tipo POST recebida para criação do nick name teste125wes33147ffffffffffffffffffffffffffffffffffffffffffffffffffffffffffffffffffffffffffffffffffffffffffffffffffffffffffffffffffffffffffffffffffffffffffffffffffffffffffffffffffffffffffffffffffffffff
2025-09-19 14:01:21,672 - INFO - Nick name teste125wes33147ffffffffffffffffffffffffffffffffffffffffffffffffffffffffffffffffffffffffffffffffffffffffffffffffffffffffffffffffffffffffffffffffffffffffffffffffffffffffffffffffffffffffffffffffffffffff criado com sucesso
2025-09-19 14:01:21,673 - INFO - Latência: 109.03ms
2025-09-19 14:01:31,249 - INFO - Requisição do tipo POST recebida para criação do nick name teste125wes33147ffffffffffffffffffffffffffffffffffffffffffffffffffffffffffffffffffffffffffffffffffffffffffffffffffffffffffffffffffffffffffffffffffffffffffffffffffffffffffffffffffffffffffffffffffffffffdddddddddddddddddddddddddddddddddddddddddddddddddddddddddddddddddddddddddddddddddddddddddddddddddddddddddddddddddddddddddddddddddddddddddddddddddddddddddddddddddddddddddddddddddddddddddddddd
2025-09-19 14:01:31,250 - ERROR - Solicitação nick name de tamanho 390 inválida
2025-09-19 14:01:50,965 - INFO - Requisição do tipo POST recebida para criação do nick name teste125wes33147ffffffffffffffffffffffffffffffffffffffffffffffffffffffffffffffffffffffffffffffffffffffffffffffffffffffffffffffffffffffffffffffffffffffffffffffffffffffffffffffffffffffffffffffffffffffffdddddddddddddddddddddddddddddddddddddddddddddddddddddddddddddddddddddddddddddddddddddddddddddddddddddddddddddddddddddddddddddddddddddddddddddddddddddddddddddddddddddddddddddddddddddddddddddd
2025-09-19 14:01:50,965 - ERROR - Solicitação nick name de tamanho 390 inválida
2025-09-19 14:04:14,232 - INFO - Requisição do tipo POST recebida para criação do nick name marcos
2025-09-19 14:04:16,243 - ERROR - Falha ao verificar se nick name marcos existe
2025-09-19 14:04:16,632 - INFO - Nick name marcos criado com sucesso
2025-09-19 14:04:16,633 - INFO - Latência: 2400.74ms
